<?xml version="1.0" encoding="UTF-8"?>
<testsuite name="me.kooyuna.springbootdeveloper.service.BlogServiceTest" tests="6" skipped="0" failures="0" errors="0" timestamp="2024-10-08T10:18:17" hostname="YUNA" time="1.556">
  <properties/>
  <testcase name="delete: id로 article 테이블 데이터 삭제 성공" classname="me.kooyuna.springbootdeveloper.service.BlogServiceTest" time="1.353"/>
  <testcase name="findAll: article 테이블의 모든 내용 조회 성공" classname="me.kooyuna.springbootdeveloper.service.BlogServiceTest" time="0.042"/>
  <testcase name="update: article 테이블의 데이터 수정 성공" classname="me.kooyuna.springbootdeveloper.service.BlogServiceTest" time="0.032"/>
  <testcase name="findById: id로 article 테이블 데이터 조회 성공" classname="me.kooyuna.springbootdeveloper.service.BlogServiceTest" time="0.026"/>
  <testcase name="save: 블로그 글 저장 성공" classname="me.kooyuna.springbootdeveloper.service.BlogServiceTest" time="0.034"/>
  <testcase name="findById: id로 article 테이블 조회 실패 예외처리 성공" classname="me.kooyuna.springbootdeveloper.service.BlogServiceTest" time="0.042"/>
  <system-out><![CDATA[19:18:10.363 [Test worker] INFO org.springframework.test.context.support.AnnotationConfigContextLoaderUtils -- Could not detect default configuration classes for test class [me.kooyuna.springbootdeveloper.service.BlogServiceTest]: BlogServiceTest does not declare any static, non-private, non-final, nested classes annotated with @Configuration.
19:18:10.692 [Test worker] INFO org.springframework.boot.test.context.SpringBootTestContextBootstrapper -- Found @SpringBootConfiguration me.kooyuna.springbootdeveloper.SpringBootDeveloperApplication for test class me.kooyuna.springbootdeveloper.service.BlogServiceTest

  .   ____          _            __ _ _
 /\\ / ___'_ __ _ _(_)_ __  __ _ \ \ \ \
( ( )\___ | '_ | '_| | '_ \/ _` | \ \ \ \
 \\/  ___)| |_)| | | | | || (_| |  ) ) ) )
  '  |____| .__|_| |_|_| |_\__, | / / / /
 =========|_|==============|___/=/_/_/_/
 :: Spring Boot ::                (v3.2.0)

2024-10-08T19:18:11.605+09:00  INFO 18940 --- [    Test worker] m.k.s.service.BlogServiceTest            : Starting BlogServiceTest using Java 21.0.3 with PID 18940 (started by rndbs in C:\Users\rndbs\IdeaProjects\springboot-developer)
2024-10-08T19:18:11.608+09:00  INFO 18940 --- [    Test worker] m.k.s.service.BlogServiceTest            : No active profile set, falling back to 1 default profile: "default"
2024-10-08T19:18:13.001+09:00  INFO 18940 --- [    Test worker] .s.d.r.c.RepositoryConfigurationDelegate : Bootstrapping Spring Data JPA repositories in DEFAULT mode.
2024-10-08T19:18:13.128+09:00  INFO 18940 --- [    Test worker] .s.d.r.c.RepositoryConfigurationDelegate : Finished Spring Data repository scanning in 100 ms. Found 1 JPA repository interface.
2024-10-08T19:18:13.827+09:00  INFO 18940 --- [    Test worker] com.zaxxer.hikari.HikariDataSource       : HikariPool-1 - Starting...
2024-10-08T19:18:14.169+09:00  INFO 18940 --- [    Test worker] com.zaxxer.hikari.pool.HikariPool        : HikariPool-1 - Added connection conn0: url=jdbc:h2:mem:testdb user=SA
2024-10-08T19:18:14.172+09:00  INFO 18940 --- [    Test worker] com.zaxxer.hikari.HikariDataSource       : HikariPool-1 - Start completed.
2024-10-08T19:18:14.261+09:00  INFO 18940 --- [    Test worker] o.hibernate.jpa.internal.util.LogHelper  : HHH000204: Processing PersistenceUnitInfo [name: default]
2024-10-08T19:18:14.373+09:00  INFO 18940 --- [    Test worker] org.hibernate.Version                    : HHH000412: Hibernate ORM core version 6.3.1.Final
2024-10-08T19:18:14.444+09:00  INFO 18940 --- [    Test worker] o.h.c.internal.RegionFactoryInitiator    : HHH000026: Second-level cache disabled
2024-10-08T19:18:14.930+09:00  INFO 18940 --- [    Test worker] o.s.o.j.p.SpringPersistenceUnitInfo      : No LoadTimeWeaver setup: ignoring JPA class transformer
2024-10-08T19:18:16.629+09:00  INFO 18940 --- [    Test worker] o.h.e.t.j.p.i.JtaPlatformInitiator       : HHH000489: No JTA platform available (set 'hibernate.transaction.jta.platform' to enable JTA platform integration)
Hibernate: 
    drop table if exists article cascade 
Hibernate: 
    create table article (
        id bigint generated by default as identity,
        content varchar(255) not null,
        title varchar(255) not null,
        primary key (id)
    )
2024-10-08T19:18:16.701+09:00  INFO 18940 --- [    Test worker] j.LocalContainerEntityManagerFactoryBean : Initialized JPA EntityManagerFactory for persistence unit 'default'
2024-10-08T19:18:17.278+09:00  WARN 18940 --- [    Test worker] JpaBaseConfiguration$JpaWebConfiguration : spring.jpa.open-in-view is enabled by default. Therefore, database queries may be performed during view rendering. Explicitly configure spring.jpa.open-in-view to disable this warning
2024-10-08T19:18:17.771+09:00  INFO 18940 --- [    Test worker] o.s.b.a.h2.H2ConsoleAutoConfiguration    : H2 console available at '/h2-console'. Database available at 'jdbc:h2:mem:testdb'
2024-10-08T19:18:17.874+09:00  INFO 18940 --- [    Test worker] o.s.b.t.m.w.SpringBootMockServletContext : Initializing Spring TestDispatcherServlet ''
2024-10-08T19:18:17.875+09:00  INFO 18940 --- [    Test worker] o.s.t.web.servlet.TestDispatcherServlet  : Initializing Servlet ''
2024-10-08T19:18:17.880+09:00  INFO 18940 --- [    Test worker] o.s.t.web.servlet.TestDispatcherServlet  : Completed initialization in 3 ms
2024-10-08T19:18:17.916+09:00  INFO 18940 --- [    Test worker] m.k.s.service.BlogServiceTest            : Started BlogServiceTest in 6.883 seconds (process running for 9.106)
2024-10-08T19:18:18.765+09:00  INFO 18940 --- [    Test worker] o.s.b.t.m.w.SpringBootMockServletContext : Initializing Spring TestDispatcherServlet ''
2024-10-08T19:18:18.765+09:00  INFO 18940 --- [    Test worker] o.s.t.web.servlet.TestDispatcherServlet  : Initializing Servlet ''
2024-10-08T19:18:18.766+09:00  INFO 18940 --- [    Test worker] o.s.t.web.servlet.TestDispatcherServlet  : Completed initialization in 0 ms
Hibernate: 
    select
        a1_0.id,
        a1_0.content,
        a1_0.title 
    from
        article a1_0
Hibernate: 
    delete 
    from
        article 
    where
        id=?
Hibernate: 
    delete 
    from
        article 
    where
        id=?
Hibernate: 
    delete 
    from
        article 
    where
        id=?
Hibernate: 
    insert 
    into
        article
        (content, title, id) 
    values
        (?, ?, default)
Hibernate: 
    select
        a1_0.id,
        a1_0.content,
        a1_0.title 
    from
        article a1_0 
    where
        a1_0.id=?
Hibernate: 
    delete 
    from
        article 
    where
        id=?
Hibernate: 
    select
        a1_0.id,
        a1_0.content,
        a1_0.title 
    from
        article a1_0
2024-10-08T19:18:19.297+09:00  INFO 18940 --- [    Test worker] o.s.b.t.m.w.SpringBootMockServletContext : Initializing Spring TestDispatcherServlet ''
2024-10-08T19:18:19.299+09:00  INFO 18940 --- [    Test worker] o.s.t.web.servlet.TestDispatcherServlet  : Initializing Servlet ''
2024-10-08T19:18:19.301+09:00  INFO 18940 --- [    Test worker] o.s.t.web.servlet.TestDispatcherServlet  : Completed initialization in 2 ms
Hibernate: 
    select
        a1_0.id,
        a1_0.content,
        a1_0.title 
    from
        article a1_0
Hibernate: 
    insert 
    into
        article
        (content, title, id) 
    values
        (?, ?, default)
Hibernate: 
    insert 
    into
        article
        (content, title, id) 
    values
        (?, ?, default)
Hibernate: 
    select
        a1_0.id,
        a1_0.content,
        a1_0.title 
    from
        article a1_0
2024-10-08T19:18:19.354+09:00  INFO 18940 --- [    Test worker] o.s.b.t.m.w.SpringBootMockServletContext : Initializing Spring TestDispatcherServlet ''
2024-10-08T19:18:19.354+09:00  INFO 18940 --- [    Test worker] o.s.t.web.servlet.TestDispatcherServlet  : Initializing Servlet ''
2024-10-08T19:18:19.355+09:00  INFO 18940 --- [    Test worker] o.s.t.web.servlet.TestDispatcherServlet  : Completed initialization in 1 ms
Hibernate: 
    select
        a1_0.id,
        a1_0.content,
        a1_0.title 
    from
        article a1_0
Hibernate: 
    insert 
    into
        article
        (content, title, id) 
    values
        (?, ?, default)
2024-10-08T19:18:19.381+09:00  INFO 18940 --- [    Test worker] o.s.b.t.m.w.SpringBootMockServletContext : Initializing Spring TestDispatcherServlet ''
2024-10-08T19:18:19.383+09:00  INFO 18940 --- [    Test worker] o.s.t.web.servlet.TestDispatcherServlet  : Initializing Servlet ''
2024-10-08T19:18:19.385+09:00  INFO 18940 --- [    Test worker] o.s.t.web.servlet.TestDispatcherServlet  : Completed initialization in 1 ms
Hibernate: 
    select
        a1_0.id,
        a1_0.content,
        a1_0.title 
    from
        article a1_0
Hibernate: 
    delete 
    from
        article 
    where
        id=?
Hibernate: 
    delete 
    from
        article 
    where
        id=?
Hibernate: 
    insert 
    into
        article
        (content, title, id) 
    values
        (?, ?, default)
Hibernate: 
    select
        a1_0.id,
        a1_0.content,
        a1_0.title 
    from
        article a1_0 
    where
        a1_0.id=?
2024-10-08T19:18:19.408+09:00  INFO 18940 --- [    Test worker] o.s.b.t.m.w.SpringBootMockServletContext : Initializing Spring TestDispatcherServlet ''
2024-10-08T19:18:19.408+09:00  INFO 18940 --- [    Test worker] o.s.t.web.servlet.TestDispatcherServlet  : Initializing Servlet ''
2024-10-08T19:18:19.409+09:00  INFO 18940 --- [    Test worker] o.s.t.web.servlet.TestDispatcherServlet  : Completed initialization in 1 ms
Hibernate: 
    select
        a1_0.id,
        a1_0.content,
        a1_0.title 
    from
        article a1_0
Hibernate: 
    delete 
    from
        article 
    where
        id=?
Hibernate: 
    insert 
    into
        article
        (content, title, id) 
    values
        (?, ?, default)
Hibernate: 
    select
        a1_0.id,
        a1_0.content,
        a1_0.title 
    from
        article a1_0
2024-10-08T19:18:19.457+09:00  INFO 18940 --- [    Test worker] o.s.b.t.m.w.SpringBootMockServletContext : Initializing Spring TestDispatcherServlet ''
2024-10-08T19:18:19.458+09:00  INFO 18940 --- [    Test worker] o.s.t.web.servlet.TestDispatcherServlet  : Initializing Servlet ''
2024-10-08T19:18:19.460+09:00  INFO 18940 --- [    Test worker] o.s.t.web.servlet.TestDispatcherServlet  : Completed initialization in 2 ms
Hibernate: 
    select
        a1_0.id,
        a1_0.content,
        a1_0.title 
    from
        article a1_0
Hibernate: 
    delete 
    from
        article 
    where
        id=?
Hibernate: 
    insert 
    into
        article
        (content, title, id) 
    values
        (?, ?, default)
Hibernate: 
    select
        a1_0.id,
        a1_0.content,
        a1_0.title 
    from
        article a1_0 
    where
        a1_0.id=?
]]></system-out>
  <system-err><![CDATA[WARNING: A Java agent has been loaded dynamically (C:\Users\rndbs\.gradle\caches\modules-2\files-2.1\net.bytebuddy\byte-buddy-agent\1.14.10\90ed94ac044ea8953b224304c762316e91fd6b31\byte-buddy-agent-1.14.10.jar)
WARNING: If a serviceability tool is in use, please run with -XX:+EnableDynamicAgentLoading to hide this warning
WARNING: If a serviceability tool is not in use, please run with -Djdk.instrument.traceUsage for more information
WARNING: Dynamic loading of agents will be disallowed by default in a future release
]]></system-err>
</testsuite>
