<?xml version="1.0" encoding="UTF-8"?>
<testsuite name="me.kooyuna.springbootdeveloper.config.jwt.TokenProviderTest" tests="5" skipped="0" failures="0" errors="0" timestamp="2024-11-30T14:03:53" hostname="YUNA" time="0.754">
  <properties/>
  <testcase name="validToken(): 유효한 토큰인 때에 유효성 검증에 성공함" classname="me.kooyuna.springbootdeveloper.config.jwt.TokenProviderTest" time="0.658"/>
  <testcase name="validToken(): 만료된 토큰인 때에 유효성 검증에 실패함" classname="me.kooyuna.springbootdeveloper.config.jwt.TokenProviderTest" time="0.004"/>
  <testcase name="getAuthentication(): 토큰 기반으로 인증 정보 가져올 수 있음" classname="me.kooyuna.springbootdeveloper.config.jwt.TokenProviderTest" time="0.008"/>
  <testcase name="getUserId(): 토큰으로 유저 ID 가져올 수 있음" classname="me.kooyuna.springbootdeveloper.config.jwt.TokenProviderTest" time="0.007"/>
  <testcase name="generateToken(): 유저 정보와 만료 기간 전달해 토큰 생성 가능함" classname="me.kooyuna.springbootdeveloper.config.jwt.TokenProviderTest" time="0.073"/>
  <system-out><![CDATA[23:03:48.132 [Test worker] INFO org.springframework.test.context.support.AnnotationConfigContextLoaderUtils -- Could not detect default configuration classes for test class [me.kooyuna.springbootdeveloper.config.jwt.TokenProviderTest]: TokenProviderTest does not declare any static, non-private, non-final, nested classes annotated with @Configuration.
23:03:48.269 [Test worker] INFO org.springframework.boot.test.context.SpringBootTestContextBootstrapper -- Found @SpringBootConfiguration me.kooyuna.springbootdeveloper.SpringBootDeveloperApplication for test class me.kooyuna.springbootdeveloper.config.jwt.TokenProviderTest

  .   ____          _            __ _ _
 /\\ / ___'_ __ _ _(_)_ __  __ _ \ \ \ \
( ( )\___ | '_ | '_| | '_ \/ _` | \ \ \ \
 \\/  ___)| |_)| | | | | || (_| |  ) ) ) )
  '  |____| .__|_| |_|_| |_\__, | / / / /
 =========|_|==============|___/=/_/_/_/
 :: Spring Boot ::                (v3.2.0)

2024-11-30T23:03:48.757+09:00  INFO 38300 --- [    Test worker] m.k.s.config.jwt.TokenProviderTest       : Starting TokenProviderTest using Java 21.0.3 with PID 38300 (started by yuna in C:\Users\rndbs\IdeaProjects\springboot-developer)
2024-11-30T23:03:48.759+09:00  INFO 38300 --- [    Test worker] m.k.s.config.jwt.TokenProviderTest       : No active profile set, falling back to 1 default profile: "default"
2024-11-30T23:03:49.599+09:00  INFO 38300 --- [    Test worker] .s.d.r.c.RepositoryConfigurationDelegate : Bootstrapping Spring Data JPA repositories in DEFAULT mode.
2024-11-30T23:03:49.668+09:00  INFO 38300 --- [    Test worker] .s.d.r.c.RepositoryConfigurationDelegate : Finished Spring Data repository scanning in 60 ms. Found 3 JPA repository interfaces.
2024-11-30T23:03:50.181+09:00  INFO 38300 --- [    Test worker] com.zaxxer.hikari.HikariDataSource       : HikariPool-1 - Starting...
2024-11-30T23:03:50.434+09:00  INFO 38300 --- [    Test worker] com.zaxxer.hikari.pool.HikariPool        : HikariPool-1 - Added connection conn0: url=jdbc:h2:mem:b337c86e-fe90-46fe-9d64-03cd4133e248 user=SA
2024-11-30T23:03:50.436+09:00  INFO 38300 --- [    Test worker] com.zaxxer.hikari.HikariDataSource       : HikariPool-1 - Start completed.
2024-11-30T23:03:50.493+09:00  INFO 38300 --- [    Test worker] o.hibernate.jpa.internal.util.LogHelper  : HHH000204: Processing PersistenceUnitInfo [name: default]
2024-11-30T23:03:50.574+09:00  INFO 38300 --- [    Test worker] org.hibernate.Version                    : HHH000412: Hibernate ORM core version 6.3.1.Final
2024-11-30T23:03:50.625+09:00  INFO 38300 --- [    Test worker] o.h.c.internal.RegionFactoryInitiator    : HHH000026: Second-level cache disabled
2024-11-30T23:03:50.942+09:00  INFO 38300 --- [    Test worker] o.s.o.j.p.SpringPersistenceUnitInfo      : No LoadTimeWeaver setup: ignoring JPA class transformer
2024-11-30T23:03:51.893+09:00  INFO 38300 --- [    Test worker] o.h.e.t.j.p.i.JtaPlatformInitiator       : HHH000489: No JTA platform available (set 'hibernate.transaction.jta.platform' to enable JTA platform integration)
Hibernate: 
    drop table if exists article cascade 
Hibernate: 
    drop table if exists refresh_token cascade 
Hibernate: 
    drop table if exists users cascade 
Hibernate: 
    create table article (
        created_at timestamp(6),
        id bigint generated by default as identity,
        updated_at timestamp(6),
        author varchar(255) not null,
        content varchar(255) not null,
        title varchar(255) not null,
        primary key (id)
    )
Hibernate: 
    create table refresh_token (
        id bigint generated by default as identity,
        user_id bigint not null unique,
        refresh_token varchar(255) not null,
        primary key (id)
    )
Hibernate: 
    create table users (
        id bigint generated by default as identity,
        email varchar(255) not null unique,
        nickname varchar(255) unique,
        password varchar(255),
        primary key (id)
    )
2024-11-30T23:03:51.934+09:00  INFO 38300 --- [    Test worker] j.LocalContainerEntityManagerFactoryBean : Initialized JPA EntityManagerFactory for persistence unit 'default'
2024-11-30T23:03:52.434+09:00  WARN 38300 --- [    Test worker] JpaBaseConfiguration$JpaWebConfiguration : spring.jpa.open-in-view is enabled by default. Therefore, database queries may be performed during view rendering. Explicitly configure spring.jpa.open-in-view to disable this warning
2024-11-30T23:03:52.928+09:00  INFO 38300 --- [    Test worker] o.s.s.web.DefaultSecurityFilterChain     : Will secure any request with [org.springframework.security.web.session.DisableEncodeUrlFilter@4b8ba6b7, org.springframework.security.web.context.request.async.WebAsyncManagerIntegrationFilter@509e0253, org.springframework.security.web.context.SecurityContextHolderFilter@15ade272, org.springframework.security.web.header.HeaderWriterFilter@78d52d4c, org.springframework.web.filter.CorsFilter@6c8f5262, org.springframework.security.oauth2.client.web.OAuth2AuthorizationRequestRedirectFilter@1509bd56, org.springframework.security.oauth2.client.web.OAuth2LoginAuthenticationFilter@39303a6, me.kooyuna.springbootdeveloper.config.TokenAuthenticationFilter@62aefc75, org.springframework.security.web.savedrequest.RequestCacheAwareFilter@d426e01, org.springframework.security.web.servletapi.SecurityContextHolderAwareRequestFilter@44b5b54, org.springframework.security.web.authentication.AnonymousAuthenticationFilter@6bca6c4c, org.springframework.security.web.session.SessionManagementFilter@34907a49, org.springframework.security.web.access.ExceptionTranslationFilter@6a233d33, org.springframework.security.web.access.intercept.FilterSecurityInterceptor@3b446d7]
2024-11-30T23:03:53.247+09:00  INFO 38300 --- [    Test worker] o.s.b.a.h2.H2ConsoleAutoConfiguration    : H2 console available at '/h2-console'. Database available at 'jdbc:h2:mem:b337c86e-fe90-46fe-9d64-03cd4133e248'
2024-11-30T23:03:53.305+09:00  WARN 38300 --- [    Test worker] o.s.s.c.a.web.builders.WebSecurity       : You are asking Spring Security to ignore org.springframework.boot.autoconfigure.security.servlet.PathRequest$H2ConsoleRequestMatcher@12e8ea81. This is not recommended -- please use permitAll via HttpSecurity#authorizeHttpRequests instead.
2024-11-30T23:03:53.305+09:00  INFO 38300 --- [    Test worker] o.s.s.web.DefaultSecurityFilterChain     : Will not secure org.springframework.boot.autoconfigure.security.servlet.PathRequest$H2ConsoleRequestMatcher@12e8ea81
2024-11-30T23:03:53.306+09:00  WARN 38300 --- [    Test worker] o.s.s.c.a.web.builders.WebSecurity       : You are asking Spring Security to ignore Ant [pattern='/img/**']. This is not recommended -- please use permitAll via HttpSecurity#authorizeHttpRequests instead.
2024-11-30T23:03:53.306+09:00  INFO 38300 --- [    Test worker] o.s.s.web.DefaultSecurityFilterChain     : Will not secure Ant [pattern='/img/**']
2024-11-30T23:03:53.306+09:00  WARN 38300 --- [    Test worker] o.s.s.c.a.web.builders.WebSecurity       : You are asking Spring Security to ignore Ant [pattern='/css/**']. This is not recommended -- please use permitAll via HttpSecurity#authorizeHttpRequests instead.
2024-11-30T23:03:53.306+09:00  INFO 38300 --- [    Test worker] o.s.s.web.DefaultSecurityFilterChain     : Will not secure Ant [pattern='/css/**']
2024-11-30T23:03:53.307+09:00  WARN 38300 --- [    Test worker] o.s.s.c.a.web.builders.WebSecurity       : You are asking Spring Security to ignore Ant [pattern='js/**']. This is not recommended -- please use permitAll via HttpSecurity#authorizeHttpRequests instead.
2024-11-30T23:03:53.307+09:00  INFO 38300 --- [    Test worker] o.s.s.web.DefaultSecurityFilterChain     : Will not secure Ant [pattern='js/**']
2024-11-30T23:03:53.360+09:00  INFO 38300 --- [    Test worker] m.k.s.config.jwt.TokenProviderTest       : Started TokenProviderTest in 4.906 seconds (process running for 6.272)
Hibernate: 
    insert 
    into
        users
        (email, nickname, password, id) 
    values
        (?, ?, ?, default)
]]></system-out>
  <system-err><![CDATA[WARNING: A Java agent has been loaded dynamically (C:\Users\rndbs\.gradle\caches\modules-2\files-2.1\net.bytebuddy\byte-buddy-agent\1.14.10\90ed94ac044ea8953b224304c762316e91fd6b31\byte-buddy-agent-1.14.10.jar)
WARNING: If a serviceability tool is in use, please run with -XX:+EnableDynamicAgentLoading to hide this warning
WARNING: If a serviceability tool is not in use, please run with -Djdk.instrument.traceUsage for more information
WARNING: Dynamic loading of agents will be disallowed by default in a future release
]]></system-err>
</testsuite>
